[     764ms] [LOG] Initializing Google Analytics 4: G-0BJFXRKTYC @ https://practicesoftwaretesting.com/chunk-R3CBPJQR.js:0
[     780ms] [ERROR] ERROR TypeError: Cannot read properties of undefined (reading 'cart_items')
    at template (https://practicesoftwaretesting.com/chunk-47GDEWV5.js:1:28844)
    at jm (https://practicesoftwaretesting.com/chunk-TKC3W22G.js:7:39700)
    at zC (https://practicesoftwaretesting.com/chunk-TKC3W22G.js:7:48997)
    at nd (https://practicesoftwaretesting.com/chunk-TKC3W22G.js:7:50165)
    at Jm (https://practicesoftwaretesting.com/chunk-TKC3W22G.js:7:49997)
    at qC (https://practicesoftwaretesting.com/chunk-TKC3W22G.js:7:49953)
    at Xm (https://practicesoftwaretesting.com/chunk-TKC3W22G.js:7:50344)
    at zC (https://practicesoftwaretesting.com/chunk-TKC3W22G.js:7:49352)
    at nd (https://practicesoftwaretesting.com/chunk-TKC3W22G.js:7:50165)
    at Jm (https://practicesoftwaretesting.com/chunk-TKC3W22G.js:7:49997) @ https://practicesoftwaretesting.com/chunk-TKC3W22G.js:6
[     783ms] [ERROR] ERROR TypeError: Cannot read properties of undefined (reading 'cart_items')
    at template (https://practicesoftwaretesting.com/chunk-47GDEWV5.js:1:28844)
    at jm (https://practicesoftwaretesting.com/chunk-TKC3W22G.js:7:39700)
    at zC (https://practicesoftwaretesting.com/chunk-TKC3W22G.js:7:48997)
    at nd (https://practicesoftwaretesting.com/chunk-TKC3W22G.js:7:50165)
    at Jm (https://practicesoftwaretesting.com/chunk-TKC3W22G.js:7:49997)
    at qC (https://practicesoftwaretesting.com/chunk-TKC3W22G.js:7:49953)
    at Xm (https://practicesoftwaretesting.com/chunk-TKC3W22G.js:7:50344)
    at zC (https://practicesoftwaretesting.com/chunk-TKC3W22G.js:7:49352)
    at nd (https://practicesoftwaretesting.com/chunk-TKC3W22G.js:7:50165)
    at Jm (https://practicesoftwaretesting.com/chunk-TKC3W22G.js:7:49997) @ https://practicesoftwaretesting.com/chunk-TKC3W22G.js:6
[     784ms] [ERROR] ERROR TypeError: Cannot read properties of undefined (reading 'cart_items')
    at template (https://practicesoftwaretesting.com/chunk-47GDEWV5.js:1:28844)
    at jm (https://practicesoftwaretesting.com/chunk-TKC3W22G.js:7:39700)
    at zC (https://practicesoftwaretesting.com/chunk-TKC3W22G.js:7:48997)
    at nd (https://practicesoftwaretesting.com/chunk-TKC3W22G.js:7:50165)
    at Jm (https://practicesoftwaretesting.com/chunk-TKC3W22G.js:7:49997)
    at qC (https://practicesoftwaretesting.com/chunk-TKC3W22G.js:7:49953)
    at Xm (https://practicesoftwaretesting.com/chunk-TKC3W22G.js:7:50344)
    at zC (https://practicesoftwaretesting.com/chunk-TKC3W22G.js:7:49352)
    at nd (https://practicesoftwaretesting.com/chunk-TKC3W22G.js:7:50165)
    at Jm (https://practicesoftwaretesting.com/chunk-TKC3W22G.js:7:49997) @ https://practicesoftwaretesting.com/chunk-TKC3W22G.js:6
[     820ms] [LOG] Google Analytics 4 ready for tracking @ https://practicesoftwaretesting.com/chunk-R3CBPJQR.js:0
[     821ms] [ERROR] ERROR TypeError: Cannot read properties of undefined (reading 'cart_items')
    at template (https://practicesoftwaretesting.com/chunk-47GDEWV5.js:1:28844)
    at jm (https://practicesoftwaretesting.com/chunk-TKC3W22G.js:7:39700)
    at zC (https://practicesoftwaretesting.com/chunk-TKC3W22G.js:7:48997)
    at nd (https://practicesoftwaretesting.com/chunk-TKC3W22G.js:7:50165)
    at Jm (https://practicesoftwaretesting.com/chunk-TKC3W22G.js:7:49997)
    at qC (https://practicesoftwaretesting.com/chunk-TKC3W22G.js:7:49953)
    at Xm (https://practicesoftwaretesting.com/chunk-TKC3W22G.js:7:50344)
    at zC (https://practicesoftwaretesting.com/chunk-TKC3W22G.js:7:49352)
    at nd (https://practicesoftwaretesting.com/chunk-TKC3W22G.js:7:50165)
    at Jm (https://practicesoftwaretesting.com/chunk-TKC3W22G.js:7:49997) @ https://practicesoftwaretesting.com/chunk-TKC3W22G.js:6
[     824ms] [ERROR] ERROR TypeError: Cannot read properties of undefined (reading 'cart_items')
    at template (https://practicesoftwaretesting.com/chunk-47GDEWV5.js:1:28844)
    at jm (https://practicesoftwaretesting.com/chunk-TKC3W22G.js:7:39700)
    at zC (https://practicesoftwaretesting.com/chunk-TKC3W22G.js:7:48997)
    at nd (https://practicesoftwaretesting.com/chunk-TKC3W22G.js:7:50165)
    at Jm (https://practicesoftwaretesting.com/chunk-TKC3W22G.js:7:49997)
    at qC (https://practicesoftwaretesting.com/chunk-TKC3W22G.js:7:49953)
    at Xm (https://practicesoftwaretesting.com/chunk-TKC3W22G.js:7:50344)
    at zC (https://practicesoftwaretesting.com/chunk-TKC3W22G.js:7:49352)
    at nd (https://practicesoftwaretesting.com/chunk-TKC3W22G.js:7:50165)
    at Jm (https://practicesoftwaretesting.com/chunk-TKC3W22G.js:7:49997) @ https://practicesoftwaretesting.com/chunk-TKC3W22G.js:6
[     828ms] [ERROR] ERROR TypeError: Cannot read properties of undefined (reading 'cart_items')
    at template (https://practicesoftwaretesting.com/chunk-47GDEWV5.js:1:28844)
    at jm (https://practicesoftwaretesting.com/chunk-TKC3W22G.js:7:39700)
    at zC (https://practicesoftwaretesting.com/chunk-TKC3W22G.js:7:48997)
    at nd (https://practicesoftwaretesting.com/chunk-TKC3W22G.js:7:50165)
    at Jm (https://practicesoftwaretesting.com/chunk-TKC3W22G.js:7:49997)
    at qC (https://practicesoftwaretesting.com/chunk-TKC3W22G.js:7:49953)
    at Xm (https://practicesoftwaretesting.com/chunk-TKC3W22G.js:7:50344)
    at zC (https://practicesoftwaretesting.com/chunk-TKC3W22G.js:7:49352)
    at nd (https://practicesoftwaretesting.com/chunk-TKC3W22G.js:7:50165)
    at Jm (https://practicesoftwaretesting.com/chunk-TKC3W22G.js:7:49997) @ https://practicesoftwaretesting.com/chunk-TKC3W22G.js:6
[     829ms] [ERROR] ERROR TypeError: Cannot read properties of undefined (reading 'cart_items')
    at template (https://practicesoftwaretesting.com/chunk-47GDEWV5.js:1:28844)
    at jm (https://practicesoftwaretesting.com/chunk-TKC3W22G.js:7:39700)
    at zC (https://practicesoftwaretesting.com/chunk-TKC3W22G.js:7:48997)
    at nd (https://practicesoftwaretesting.com/chunk-TKC3W22G.js:7:50165)
    at Jm (https://practicesoftwaretesting.com/chunk-TKC3W22G.js:7:49997)
    at qC (https://practicesoftwaretesting.com/chunk-TKC3W22G.js:7:49953)
    at Xm (https://practicesoftwaretesting.com/chunk-TKC3W22G.js:7:50344)
    at zC (https://practicesoftwaretesting.com/chunk-TKC3W22G.js:7:49352)
    at nd (https://practicesoftwaretesting.com/chunk-TKC3W22G.js:7:50165)
    at Jm (https://practicesoftwaretesting.com/chunk-TKC3W22G.js:7:49997) @ https://practicesoftwaretesting.com/chunk-TKC3W22G.js:6
[     830ms] [ERROR] ERROR TypeError: Cannot read properties of undefined (reading 'cart_items')
    at template (https://practicesoftwaretesting.com/chunk-47GDEWV5.js:1:28844)
    at jm (https://practicesoftwaretesting.com/chunk-TKC3W22G.js:7:39700)
    at zC (https://practicesoftwaretesting.com/chunk-TKC3W22G.js:7:48997)
    at nd (https://practicesoftwaretesting.com/chunk-TKC3W22G.js:7:50165)
    at Jm (https://practicesoftwaretesting.com/chunk-TKC3W22G.js:7:49997)
    at qC (https://practicesoftwaretesting.com/chunk-TKC3W22G.js:7:49953)
    at Xm (https://practicesoftwaretesting.com/chunk-TKC3W22G.js:7:50344)
    at zC (https://practicesoftwaretesting.com/chunk-TKC3W22G.js:7:49352)
    at nd (https://practicesoftwaretesting.com/chunk-TKC3W22G.js:7:50165)
    at Jm (https://practicesoftwaretesting.com/chunk-TKC3W22G.js:7:49997) @ https://practicesoftwaretesting.com/chunk-TKC3W22G.js:6
[     831ms] [ERROR] ERROR TypeError: Cannot read properties of undefined (reading 'cart_items')
    at template (https://practicesoftwaretesting.com/chunk-47GDEWV5.js:1:28844)
    at jm (https://practicesoftwaretesting.com/chunk-TKC3W22G.js:7:39700)
    at zC (https://practicesoftwaretesting.com/chunk-TKC3W22G.js:7:48997)
    at nd (https://practicesoftwaretesting.com/chunk-TKC3W22G.js:7:50165)
    at Jm (https://practicesoftwaretesting.com/chunk-TKC3W22G.js:7:49997)
    at qC (https://practicesoftwaretesting.com/chunk-TKC3W22G.js:7:49953)
    at Xm (https://practicesoftwaretesting.com/chunk-TKC3W22G.js:7:50344)
    at zC (https://practicesoftwaretesting.com/chunk-TKC3W22G.js:7:49352)
    at nd (https://practicesoftwaretesting.com/chunk-TKC3W22G.js:7:50165)
    at Jm (https://practicesoftwaretesting.com/chunk-TKC3W22G.js:7:49997) @ https://practicesoftwaretesting.com/chunk-TKC3W22G.js:6
[     831ms] [ERROR] ERROR TypeError: Cannot read properties of undefined (reading 'cart_items')
    at template (https://practicesoftwaretesting.com/chunk-47GDEWV5.js:1:28844)
    at jm (https://practicesoftwaretesting.com/chunk-TKC3W22G.js:7:39700)
    at zC (https://practicesoftwaretesting.com/chunk-TKC3W22G.js:7:48997)
    at nd (https://practicesoftwaretesting.com/chunk-TKC3W22G.js:7:50165)
    at Jm (https://practicesoftwaretesting.com/chunk-TKC3W22G.js:7:49997)
    at qC (https://practicesoftwaretesting.com/chunk-TKC3W22G.js:7:49953)
    at Xm (https://practicesoftwaretesting.com/chunk-TKC3W22G.js:7:50344)
    at zC (https://practicesoftwaretesting.com/chunk-TKC3W22G.js:7:49352)
    at nd (https://practicesoftwaretesting.com/chunk-TKC3W22G.js:7:50165)
    at Jm (https://practicesoftwaretesting.com/chunk-TKC3W22G.js:7:49997) @ https://practicesoftwaretesting.com/chunk-TKC3W22G.js:6
[     832ms] [ERROR] ERROR TypeError: Cannot read properties of undefined (reading 'cart_items')
    at template (https://practicesoftwaretesting.com/chunk-47GDEWV5.js:1:28844)
    at jm (https://practicesoftwaretesting.com/chunk-TKC3W22G.js:7:39700)
    at zC (https://practicesoftwaretesting.com/chunk-TKC3W22G.js:7:48997)
    at nd (https://practicesoftwaretesting.com/chunk-TKC3W22G.js:7:50165)
    at Jm (https://practicesoftwaretesting.com/chunk-TKC3W22G.js:7:49997)
    at qC (https://practicesoftwaretesting.com/chunk-TKC3W22G.js:7:49953)
    at Xm (https://practicesoftwaretesting.com/chunk-TKC3W22G.js:7:50344)
    at zC (https://practicesoftwaretesting.com/chunk-TKC3W22G.js:7:49352)
    at nd (https://practicesoftwaretesting.com/chunk-TKC3W22G.js:7:50165)
    at Jm (https://practicesoftwaretesting.com/chunk-TKC3W22G.js:7:49997) @ https://practicesoftwaretesting.com/chunk-TKC3W22G.js:6
[     833ms] [ERROR] ERROR TypeError: Cannot read properties of undefined (reading 'cart_items')
    at template (https://practicesoftwaretesting.com/chunk-47GDEWV5.js:1:28844)
    at jm (https://practicesoftwaretesting.com/chunk-TKC3W22G.js:7:39700)
    at zC (https://practicesoftwaretesting.com/chunk-TKC3W22G.js:7:48997)
    at nd (https://practicesoftwaretesting.com/chunk-TKC3W22G.js:7:50165)
    at Jm (https://practicesoftwaretesting.com/chunk-TKC3W22G.js:7:49997)
    at qC (https://practicesoftwaretesting.com/chunk-TKC3W22G.js:7:49953)
    at Xm (https://practicesoftwaretesting.com/chunk-TKC3W22G.js:7:50344)
    at zC (https://practicesoftwaretesting.com/chunk-TKC3W22G.js:7:49352)
    at nd (https://practicesoftwaretesting.com/chunk-TKC3W22G.js:7:50165)
    at Jm (https://practicesoftwaretesting.com/chunk-TKC3W22G.js:7:49997) @ https://practicesoftwaretesting.com/chunk-TKC3W22G.js:6
[     834ms] [ERROR] ERROR TypeError: Cannot read properties of undefined (reading 'cart_items')
    at template (https://practicesoftwaretesting.com/chunk-47GDEWV5.js:1:28844)
    at jm (https://practicesoftwaretesting.com/chunk-TKC3W22G.js:7:39700)
    at zC (https://practicesoftwaretesting.com/chunk-TKC3W22G.js:7:48997)
    at nd (https://practicesoftwaretesting.com/chunk-TKC3W22G.js:7:50165)
    at Jm (https://practicesoftwaretesting.com/chunk-TKC3W22G.js:7:49997)
    at qC (https://practicesoftwaretesting.com/chunk-TKC3W22G.js:7:49953)
    at Xm (https://practicesoftwaretesting.com/chunk-TKC3W22G.js:7:50344)
    at zC (https://practicesoftwaretesting.com/chunk-TKC3W22G.js:7:49352)
    at nd (https://practicesoftwaretesting.com/chunk-TKC3W22G.js:7:50165)
    at Jm (https://practicesoftwaretesting.com/chunk-TKC3W22G.js:7:49997) @ https://practicesoftwaretesting.com/chunk-TKC3W22G.js:6
[     834ms] [ERROR] ERROR TypeError: Cannot read properties of undefined (reading 'cart_items')
    at template (https://practicesoftwaretesting.com/chunk-47GDEWV5.js:1:28844)
    at jm (https://practicesoftwaretesting.com/chunk-TKC3W22G.js:7:39700)
    at zC (https://practicesoftwaretesting.com/chunk-TKC3W22G.js:7:48997)
    at nd (https://practicesoftwaretesting.com/chunk-TKC3W22G.js:7:50165)
    at Jm (https://practicesoftwaretesting.com/chunk-TKC3W22G.js:7:49997)
    at qC (https://practicesoftwaretesting.com/chunk-TKC3W22G.js:7:49953)
    at Xm (https://practicesoftwaretesting.com/chunk-TKC3W22G.js:7:50344)
    at zC (https://practicesoftwaretesting.com/chunk-TKC3W22G.js:7:49352)
    at nd (https://practicesoftwaretesting.com/chunk-TKC3W22G.js:7:50165)
    at Jm (https://practicesoftwaretesting.com/chunk-TKC3W22G.js:7:49997) @ https://practicesoftwaretesting.com/chunk-TKC3W22G.js:6
[     844ms] [ERROR] ERROR TypeError: Cannot read properties of undefined (reading 'cart_items')
    at template (https://practicesoftwaretesting.com/chunk-47GDEWV5.js:1:28844)
    at jm (https://practicesoftwaretesting.com/chunk-TKC3W22G.js:7:39700)
    at zC (https://practicesoftwaretesting.com/chunk-TKC3W22G.js:7:48997)
    at nd (https://practicesoftwaretesting.com/chunk-TKC3W22G.js:7:50165)
    at Jm (https://practicesoftwaretesting.com/chunk-TKC3W22G.js:7:49997)
    at qC (https://practicesoftwaretesting.com/chunk-TKC3W22G.js:7:49953)
    at Xm (https://practicesoftwaretesting.com/chunk-TKC3W22G.js:7:50344)
    at zC (https://practicesoftwaretesting.com/chunk-TKC3W22G.js:7:49352)
    at nd (https://practicesoftwaretesting.com/chunk-TKC3W22G.js:7:50165)
    at Jm (https://practicesoftwaretesting.com/chunk-TKC3W22G.js:7:49997) @ https://practicesoftwaretesting.com/chunk-TKC3W22G.js:6
[     844ms] [ERROR] ERROR TypeError: Cannot read properties of undefined (reading 'cart_items')
    at template (https://practicesoftwaretesting.com/chunk-47GDEWV5.js:1:28844)
    at jm (https://practicesoftwaretesting.com/chunk-TKC3W22G.js:7:39700)
    at zC (https://practicesoftwaretesting.com/chunk-TKC3W22G.js:7:48997)
    at nd (https://practicesoftwaretesting.com/chunk-TKC3W22G.js:7:50165)
    at Jm (https://practicesoftwaretesting.com/chunk-TKC3W22G.js:7:49997)
    at qC (https://practicesoftwaretesting.com/chunk-TKC3W22G.js:7:49953)
    at Xm (https://practicesoftwaretesting.com/chunk-TKC3W22G.js:7:50344)
    at zC (https://practicesoftwaretesting.com/chunk-TKC3W22G.js:7:49352)
    at nd (https://practicesoftwaretesting.com/chunk-TKC3W22G.js:7:50165)
    at Jm (https://practicesoftwaretesting.com/chunk-TKC3W22G.js:7:49997) @ https://practicesoftwaretesting.com/chunk-TKC3W22G.js:6
[     845ms] [ERROR] ERROR TypeError: Cannot read properties of undefined (reading 'cart_items')
    at template (https://practicesoftwaretesting.com/chunk-47GDEWV5.js:1:28844)
    at jm (https://practicesoftwaretesting.com/chunk-TKC3W22G.js:7:39700)
    at zC (https://practicesoftwaretesting.com/chunk-TKC3W22G.js:7:48997)
    at nd (https://practicesoftwaretesting.com/chunk-TKC3W22G.js:7:50165)
    at Jm (https://practicesoftwaretesting.com/chunk-TKC3W22G.js:7:49997)
    at qC (https://practicesoftwaretesting.com/chunk-TKC3W22G.js:7:49953)
    at Xm (https://practicesoftwaretesting.com/chunk-TKC3W22G.js:7:50344)
    at zC (https://practicesoftwaretesting.com/chunk-TKC3W22G.js:7:49352)
    at nd (https://practicesoftwaretesting.com/chunk-TKC3W22G.js:7:50165)
    at Jm (https://practicesoftwaretesting.com/chunk-TKC3W22G.js:7:49997) @ https://practicesoftwaretesting.com/chunk-TKC3W22G.js:6
[     845ms] [ERROR] ERROR TypeError: Cannot read properties of undefined (reading 'cart_items')
    at template (https://practicesoftwaretesting.com/chunk-47GDEWV5.js:1:28844)
    at jm (https://practicesoftwaretesting.com/chunk-TKC3W22G.js:7:39700)
    at zC (https://practicesoftwaretesting.com/chunk-TKC3W22G.js:7:48997)
    at nd (https://practicesoftwaretesting.com/chunk-TKC3W22G.js:7:50165)
    at Jm (https://practicesoftwaretesting.com/chunk-TKC3W22G.js:7:49997)
    at qC (https://practicesoftwaretesting.com/chunk-TKC3W22G.js:7:49953)
    at Xm (https://practicesoftwaretesting.com/chunk-TKC3W22G.js:7:50344)
    at zC (https://practicesoftwaretesting.com/chunk-TKC3W22G.js:7:49352)
    at nd (https://practicesoftwaretesting.com/chunk-TKC3W22G.js:7:50165)
    at Jm (https://practicesoftwaretesting.com/chunk-TKC3W22G.js:7:49997) @ https://practicesoftwaretesting.com/chunk-TKC3W22G.js:6
[     846ms] [ERROR] ERROR TypeError: Cannot read properties of undefined (reading 'cart_items')
    at template (https://practicesoftwaretesting.com/chunk-47GDEWV5.js:1:28844)
    at jm (https://practicesoftwaretesting.com/chunk-TKC3W22G.js:7:39700)
    at zC (https://practicesoftwaretesting.com/chunk-TKC3W22G.js:7:48997)
    at nd (https://practicesoftwaretesting.com/chunk-TKC3W22G.js:7:50165)
    at Jm (https://practicesoftwaretesting.com/chunk-TKC3W22G.js:7:49997)
    at qC (https://practicesoftwaretesting.com/chunk-TKC3W22G.js:7:49953)
    at Xm (https://practicesoftwaretesting.com/chunk-TKC3W22G.js:7:50344)
    at zC (https://practicesoftwaretesting.com/chunk-TKC3W22G.js:7:49352)
    at nd (https://practicesoftwaretesting.com/chunk-TKC3W22G.js:7:50165)
    at Jm (https://practicesoftwaretesting.com/chunk-TKC3W22G.js:7:49997) @ https://practicesoftwaretesting.com/chunk-TKC3W22G.js:6
[     847ms] [ERROR] ERROR TypeError: Cannot read properties of undefined (reading 'cart_items')
    at template (https://practicesoftwaretesting.com/chunk-47GDEWV5.js:1:28844)
    at jm (https://practicesoftwaretesting.com/chunk-TKC3W22G.js:7:39700)
    at zC (https://practicesoftwaretesting.com/chunk-TKC3W22G.js:7:48997)
    at nd (https://practicesoftwaretesting.com/chunk-TKC3W22G.js:7:50165)
    at Jm (https://practicesoftwaretesting.com/chunk-TKC3W22G.js:7:49997)
    at qC (https://practicesoftwaretesting.com/chunk-TKC3W22G.js:7:49953)
    at Xm (https://practicesoftwaretesting.com/chunk-TKC3W22G.js:7:50344)
    at zC (https://practicesoftwaretesting.com/chunk-TKC3W22G.js:7:49352)
    at nd (https://practicesoftwaretesting.com/chunk-TKC3W22G.js:7:50165)
    at Jm (https://practicesoftwaretesting.com/chunk-TKC3W22G.js:7:49997) @ https://practicesoftwaretesting.com/chunk-TKC3W22G.js:6
[     847ms] [ERROR] ERROR TypeError: Cannot read properties of undefined (reading 'cart_items')
    at template (https://practicesoftwaretesting.com/chunk-47GDEWV5.js:1:28844)
    at jm (https://practicesoftwaretesting.com/chunk-TKC3W22G.js:7:39700)
    at zC (https://practicesoftwaretesting.com/chunk-TKC3W22G.js:7:48997)
    at nd (https://practicesoftwaretesting.com/chunk-TKC3W22G.js:7:50165)
    at Jm (https://practicesoftwaretesting.com/chunk-TKC3W22G.js:7:49997)
    at qC (https://practicesoftwaretesting.com/chunk-TKC3W22G.js:7:49953)
    at Xm (https://practicesoftwaretesting.com/chunk-TKC3W22G.js:7:50344)
    at zC (https://practicesoftwaretesting.com/chunk-TKC3W22G.js:7:49352)
    at nd (https://practicesoftwaretesting.com/chunk-TKC3W22G.js:7:50165)
    at Jm (https://practicesoftwaretesting.com/chunk-TKC3W22G.js:7:49997) @ https://practicesoftwaretesting.com/chunk-TKC3W22G.js:6
[     848ms] [ERROR] ERROR TypeError: Cannot read properties of undefined (reading 'cart_items')
    at template (https://practicesoftwaretesting.com/chunk-47GDEWV5.js:1:28844)
    at jm (https://practicesoftwaretesting.com/chunk-TKC3W22G.js:7:39700)
    at zC (https://practicesoftwaretesting.com/chunk-TKC3W22G.js:7:48997)
    at nd (https://practicesoftwaretesting.com/chunk-TKC3W22G.js:7:50165)
    at Jm (https://practicesoftwaretesting.com/chunk-TKC3W22G.js:7:49997)
    at qC (https://practicesoftwaretesting.com/chunk-TKC3W22G.js:7:49953)
    at Xm (https://practicesoftwaretesting.com/chunk-TKC3W22G.js:7:50344)
    at zC (https://practicesoftwaretesting.com/chunk-TKC3W22G.js:7:49352)
    at nd (https://practicesoftwaretesting.com/chunk-TKC3W22G.js:7:50165)
    at Jm (https://practicesoftwaretesting.com/chunk-TKC3W22G.js:7:49997) @ https://practicesoftwaretesting.com/chunk-TKC3W22G.js:6
[     848ms] [ERROR] ERROR TypeError: Cannot read properties of undefined (reading 'cart_items')
    at template (https://practicesoftwaretesting.com/chunk-47GDEWV5.js:1:28844)
    at jm (https://practicesoftwaretesting.com/chunk-TKC3W22G.js:7:39700)
    at zC (https://practicesoftwaretesting.com/chunk-TKC3W22G.js:7:48997)
    at nd (https://practicesoftwaretesting.com/chunk-TKC3W22G.js:7:50165)
    at Jm (https://practicesoftwaretesting.com/chunk-TKC3W22G.js:7:49997)
    at qC (https://practicesoftwaretesting.com/chunk-TKC3W22G.js:7:49953)
    at Xm (https://practicesoftwaretesting.com/chunk-TKC3W22G.js:7:50344)
    at zC (https://practicesoftwaretesting.com/chunk-TKC3W22G.js:7:49352)
    at nd (https://practicesoftwaretesting.com/chunk-TKC3W22G.js:7:50165)
    at Jm (https://practicesoftwaretesting.com/chunk-TKC3W22G.js:7:49997) @ https://practicesoftwaretesting.com/chunk-TKC3W22G.js:6
[     849ms] [ERROR] ERROR TypeError: Cannot read properties of undefined (reading 'cart_items')
    at template (https://practicesoftwaretesting.com/chunk-47GDEWV5.js:1:28844)
    at jm (https://practicesoftwaretesting.com/chunk-TKC3W22G.js:7:39700)
    at zC (https://practicesoftwaretesting.com/chunk-TKC3W22G.js:7:48997)
    at nd (https://practicesoftwaretesting.com/chunk-TKC3W22G.js:7:50165)
    at Jm (https://practicesoftwaretesting.com/chunk-TKC3W22G.js:7:49997)
    at qC (https://practicesoftwaretesting.com/chunk-TKC3W22G.js:7:49953)
    at Xm (https://practicesoftwaretesting.com/chunk-TKC3W22G.js:7:50344)
    at zC (https://practicesoftwaretesting.com/chunk-TKC3W22G.js:7:49352)
    at nd (https://practicesoftwaretesting.com/chunk-TKC3W22G.js:7:50165)
    at Jm (https://practicesoftwaretesting.com/chunk-TKC3W22G.js:7:49997) @ https://practicesoftwaretesting.com/chunk-TKC3W22G.js:6
[     849ms] [ERROR] ERROR TypeError: Cannot read properties of undefined (reading 'cart_items')
    at template (https://practicesoftwaretesting.com/chunk-47GDEWV5.js:1:28844)
    at jm (https://practicesoftwaretesting.com/chunk-TKC3W22G.js:7:39700)
    at zC (https://practicesoftwaretesting.com/chunk-TKC3W22G.js:7:48997)
    at nd (https://practicesoftwaretesting.com/chunk-TKC3W22G.js:7:50165)
    at Jm (https://practicesoftwaretesting.com/chunk-TKC3W22G.js:7:49997)
    at qC (https://practicesoftwaretesting.com/chunk-TKC3W22G.js:7:49953)
    at Xm (https://practicesoftwaretesting.com/chunk-TKC3W22G.js:7:50344)
    at zC (https://practicesoftwaretesting.com/chunk-TKC3W22G.js:7:49352)
    at nd (https://practicesoftwaretesting.com/chunk-TKC3W22G.js:7:50165)
    at Jm (https://practicesoftwaretesting.com/chunk-TKC3W22G.js:7:49997) @ https://practicesoftwaretesting.com/chunk-TKC3W22G.js:6
[     851ms] [ERROR] ERROR TypeError: Cannot read properties of undefined (reading 'cart_items')
    at template (https://practicesoftwaretesting.com/chunk-47GDEWV5.js:1:28844)
    at jm (https://practicesoftwaretesting.com/chunk-TKC3W22G.js:7:39700)
    at zC (https://practicesoftwaretesting.com/chunk-TKC3W22G.js:7:48997)
    at nd (https://practicesoftwaretesting.com/chunk-TKC3W22G.js:7:50165)
    at Jm (https://practicesoftwaretesting.com/chunk-TKC3W22G.js:7:49997)
    at qC (https://practicesoftwaretesting.com/chunk-TKC3W22G.js:7:49953)
    at Xm (https://practicesoftwaretesting.com/chunk-TKC3W22G.js:7:50344)
    at zC (https://practicesoftwaretesting.com/chunk-TKC3W22G.js:7:49352)
    at nd (https://practicesoftwaretesting.com/chunk-TKC3W22G.js:7:50165)
    at Jm (https://practicesoftwaretesting.com/chunk-TKC3W22G.js:7:49997) @ https://practicesoftwaretesting.com/chunk-TKC3W22G.js:6
[     851ms] [ERROR] ERROR TypeError: Cannot read properties of undefined (reading 'cart_items')
    at template (https://practicesoftwaretesting.com/chunk-47GDEWV5.js:1:28844)
    at jm (https://practicesoftwaretesting.com/chunk-TKC3W22G.js:7:39700)
    at zC (https://practicesoftwaretesting.com/chunk-TKC3W22G.js:7:48997)
    at nd (https://practicesoftwaretesting.com/chunk-TKC3W22G.js:7:50165)
    at Jm (https://practicesoftwaretesting.com/chunk-TKC3W22G.js:7:49997)
    at qC (https://practicesoftwaretesting.com/chunk-TKC3W22G.js:7:49953)
    at Xm (https://practicesoftwaretesting.com/chunk-TKC3W22G.js:7:50344)
    at zC (https://practicesoftwaretesting.com/chunk-TKC3W22G.js:7:49352)
    at nd (https://practicesoftwaretesting.com/chunk-TKC3W22G.js:7:50165)
    at Jm (https://practicesoftwaretesting.com/chunk-TKC3W22G.js:7:49997) @ https://practicesoftwaretesting.com/chunk-TKC3W22G.js:6
[     864ms] [ERROR] Failed to load resource: the server responded with a status of 401 (Unauthorized) @ https://api.practicesoftwaretesting.com/users/me:0
[     865ms] [ERROR] ERROR TypeError: Cannot read properties of undefined (reading 'cart_items')
    at template (https://practicesoftwaretesting.com/chunk-47GDEWV5.js:1:28844)
    at jm (https://practicesoftwaretesting.com/chunk-TKC3W22G.js:7:39700)
    at zC (https://practicesoftwaretesting.com/chunk-TKC3W22G.js:7:48997)
    at nd (https://practicesoftwaretesting.com/chunk-TKC3W22G.js:7:50165)
    at Jm (https://practicesoftwaretesting.com/chunk-TKC3W22G.js:7:49997)
    at qC (https://practicesoftwaretesting.com/chunk-TKC3W22G.js:7:49953)
    at Xm (https://practicesoftwaretesting.com/chunk-TKC3W22G.js:7:50344)
    at zC (https://practicesoftwaretesting.com/chunk-TKC3W22G.js:7:49352)
    at nd (https://practicesoftwaretesting.com/chunk-TKC3W22G.js:7:50165)
    at Jm (https://practicesoftwaretesting.com/chunk-TKC3W22G.js:7:49997) @ https://practicesoftwaretesting.com/chunk-TKC3W22G.js:6
[     866ms] [ERROR] ERROR TypeError: Cannot read properties of undefined (reading 'cart_items')
    at template (https://practicesoftwaretesting.com/chunk-47GDEWV5.js:1:28844)
    at jm (https://practicesoftwaretesting.com/chunk-TKC3W22G.js:7:39700)
    at zC (https://practicesoftwaretesting.com/chunk-TKC3W22G.js:7:48997)
    at nd (https://practicesoftwaretesting.com/chunk-TKC3W22G.js:7:50165)
    at Jm (https://practicesoftwaretesting.com/chunk-TKC3W22G.js:7:49997)
    at qC (https://practicesoftwaretesting.com/chunk-TKC3W22G.js:7:49953)
    at Xm (https://practicesoftwaretesting.com/chunk-TKC3W22G.js:7:50344)
    at zC (https://practicesoftwaretesting.com/chunk-TKC3W22G.js:7:49352)
    at nd (https://practicesoftwaretesting.com/chunk-TKC3W22G.js:7:50165)
    at Jm (https://practicesoftwaretesting.com/chunk-TKC3W22G.js:7:49997) @ https://practicesoftwaretesting.com/chunk-TKC3W22G.js:6
[     867ms] [ERROR] ERROR TypeError: Cannot read properties of undefined (reading 'cart_items')
    at template (https://practicesoftwaretesting.com/chunk-47GDEWV5.js:1:28844)
    at jm (https://practicesoftwaretesting.com/chunk-TKC3W22G.js:7:39700)
    at zC (https://practicesoftwaretesting.com/chunk-TKC3W22G.js:7:48997)
    at nd (https://practicesoftwaretesting.com/chunk-TKC3W22G.js:7:50165)
    at Jm (https://practicesoftwaretesting.com/chunk-TKC3W22G.js:7:49997)
    at qC (https://practicesoftwaretesting.com/chunk-TKC3W22G.js:7:49953)
    at Xm (https://practicesoftwaretesting.com/chunk-TKC3W22G.js:7:50344)
    at zC (https://practicesoftwaretesting.com/chunk-TKC3W22G.js:7:49352)
    at nd (https://practicesoftwaretesting.com/chunk-TKC3W22G.js:7:50165)
    at Jm (https://practicesoftwaretesting.com/chunk-TKC3W22G.js:7:49997) @ https://practicesoftwaretesting.com/chunk-TKC3W22G.js:6
[     867ms] [ERROR] ERROR {message: Unauthorized} @ https://practicesoftwaretesting.com/chunk-TKC3W22G.js:6
[    1082ms] [ERROR] Failed to load resource: the server responded with a status of 401 (Unauthorized) @ https://api.practicesoftwaretesting.com/users/me:0
[    1084ms] [ERROR] ERROR TypeError: Cannot read properties of undefined (reading 'cart_items')
    at template (https://practicesoftwaretesting.com/chunk-47GDEWV5.js:1:28844)
    at jm (https://practicesoftwaretesting.com/chunk-TKC3W22G.js:7:39700)
    at zC (https://practicesoftwaretesting.com/chunk-TKC3W22G.js:7:48997)
    at nd (https://practicesoftwaretesting.com/chunk-TKC3W22G.js:7:50165)
    at Jm (https://practicesoftwaretesting.com/chunk-TKC3W22G.js:7:49997)
    at qC (https://practicesoftwaretesting.com/chunk-TKC3W22G.js:7:49953)
    at Xm (https://practicesoftwaretesting.com/chunk-TKC3W22G.js:7:50344)
    at zC (https://practicesoftwaretesting.com/chunk-TKC3W22G.js:7:49352)
    at nd (https://practicesoftwaretesting.com/chunk-TKC3W22G.js:7:50165)
    at Jm (https://practicesoftwaretesting.com/chunk-TKC3W22G.js:7:49997) @ https://practicesoftwaretesting.com/chunk-TKC3W22G.js:6
[    1085ms] [ERROR] ERROR TypeError: Cannot read properties of undefined (reading 'cart_items')
    at template (https://practicesoftwaretesting.com/chunk-47GDEWV5.js:1:28844)
    at jm (https://practicesoftwaretesting.com/chunk-TKC3W22G.js:7:39700)
    at zC (https://practicesoftwaretesting.com/chunk-TKC3W22G.js:7:48997)
    at nd (https://practicesoftwaretesting.com/chunk-TKC3W22G.js:7:50165)
    at Jm (https://practicesoftwaretesting.com/chunk-TKC3W22G.js:7:49997)
    at qC (https://practicesoftwaretesting.com/chunk-TKC3W22G.js:7:49953)
    at Xm (https://practicesoftwaretesting.com/chunk-TKC3W22G.js:7:50344)
    at zC (https://practicesoftwaretesting.com/chunk-TKC3W22G.js:7:49352)
    at nd (https://practicesoftwaretesting.com/chunk-TKC3W22G.js:7:50165)
    at Jm (https://practicesoftwaretesting.com/chunk-TKC3W22G.js:7:49997) @ https://practicesoftwaretesting.com/chunk-TKC3W22G.js:6
[    1278ms] [ERROR] Failed to load resource: the server responded with a status of 401 (Unauthorized) @ https://api.practicesoftwaretesting.com/users/me:0
[    1281ms] [ERROR] ERROR {message: Unauthorized} @ https://practicesoftwaretesting.com/chunk-TKC3W22G.js:6
[    1320ms] [VERBOSE] [DOM] Input elements should have autocomplete attributes (suggested: "current-password"): (More info: https://goo.gl/9p2vKq) %o @ https://practicesoftwaretesting.com/checkout:0
[    1491ms] [ERROR] Failed to load resource: the server responded with a status of 401 (Unauthorized) @ https://api.practicesoftwaretesting.com/users/me:0
[    1493ms] [ERROR] ERROR {message: Unauthorized} @ https://practicesoftwaretesting.com/chunk-TKC3W22G.js:6
